22:11:37: Creating resource group General
22:11:37: Creating resource group Internal
22:11:37: Creating resource group Autodetect
22:11:37: SceneManagerFactory for type 'DefaultSceneManager' registered.
22:11:37: Registering ResourceManager for type Material
22:11:37: Registering ResourceManager for type Mesh
22:11:37: Registering ResourceManager for type Skeleton
22:11:37: MovableObjectFactory for type 'ParticleSystem' registered.
22:11:37: ArchiveFactory for archive type FileSystem registered.
22:11:37: ArchiveFactory for archive type Zip registered.
22:11:37: ArchiveFactory for archive type EmbeddedZip registered.
22:11:37: DDS codec registering
22:11:37: FreeImage version: 3.17.0
22:11:37: This program uses FreeImage, a free, open source image library supporting all common bitmap formats. See http://freeimage.sourceforge.net for details
22:11:37: Supported formats: bmp,ico,jpg,jif,jpeg,jpe,jng,koa,iff,lbm,mng,pbm,pbm,pcd,pcx,pgm,pgm,png,ppm,ppm,ras,tga,targa,tif,tiff,wap,wbmp,wbm,psd,cut,xbm,xpm,gif,hdr,sgi,rgb,rgba,bw,exr,j2k,j2c,jp2,pfm,pct,pict,pic,3fr,arw,bay,bmq,cap,cine,cr2,crw,cs1,dc2,dcr,drf,dsc,dng,erf,fff,ia,iiq,k25,kc2,kdc,mdc,mef,mos,mrw,nef,nrw,orf,pef,ptx,pxn,qtk,raf,raw,rdc,rw2,rwl,rwz,sr2,srf,srw,sti,x3f,webp,jxr,wdp,hdp
22:11:37: PVRTC codec registering
22:11:37: ETC codec registering
22:11:37: Registering ResourceManager for type HighLevelGpuProgram
22:11:37: Registering ResourceManager for type Compositor
22:11:37: MovableObjectFactory for type 'Entity' registered.
22:11:37: MovableObjectFactory for type 'Light' registered.
22:11:37: MovableObjectFactory for type 'BillboardSet' registered.
22:11:37: MovableObjectFactory for type 'ManualObject' registered.
22:11:37: MovableObjectFactory for type 'BillboardChain' registered.
22:11:37: MovableObjectFactory for type 'RibbonTrail' registered.
22:11:37: Loading library /usr/lib/x86_64-linux-gnu/OGRE-1.9.0/RenderSystem_GL
22:11:37: Installing plugin: GL RenderSystem
22:11:37: OpenGL Rendering Subsystem created.
22:11:38: Plugin successfully installed
22:11:38: Loading library /usr/lib/x86_64-linux-gnu/OGRE-1.9.0/Plugin_ParticleFX
22:11:38: Installing plugin: ParticleFX
22:11:38: Particle Emitter Type 'Point' registered
22:11:38: Particle Emitter Type 'Box' registered
22:11:38: Particle Emitter Type 'Ellipsoid' registered
22:11:38: Particle Emitter Type 'Cylinder' registered
22:11:38: Particle Emitter Type 'Ring' registered
22:11:38: Particle Emitter Type 'HollowEllipsoid' registered
22:11:38: Particle Affector Type 'LinearForce' registered
22:11:38: Particle Affector Type 'ColourFader' registered
22:11:38: Particle Affector Type 'ColourFader2' registered
22:11:38: Particle Affector Type 'ColourImage' registered
22:11:38: Particle Affector Type 'ColourInterpolator' registered
22:11:38: Particle Affector Type 'Scaler' registered
22:11:38: Particle Affector Type 'Rotator' registered
22:11:38: Particle Affector Type 'DirectionRandomiser' registered
22:11:38: Particle Affector Type 'DeflectorPlane' registered
22:11:38: Plugin successfully installed
22:11:38: Loading library /usr/lib/x86_64-linux-gnu/OGRE-1.9.0/Plugin_BSPSceneManager
22:11:38: Installing plugin: BSP Scene Manager
22:11:38: Plugin successfully installed
22:11:38: Loading library /usr/lib/x86_64-linux-gnu/OGRE-1.9.0/Plugin_PCZSceneManager
22:11:38: Installing plugin: Portal Connected Zone Scene Manager
22:11:38: PCZone Factory Type 'ZoneType_Default' registered
22:11:38: Plugin successfully installed
22:11:38: Loading library /usr/lib/x86_64-linux-gnu/OGRE-1.9.0/Plugin_OctreeZone
22:11:38: Installing plugin: Octree Zone Factory
22:11:38: Plugin successfully installed
22:11:38: Loading library /usr/lib/x86_64-linux-gnu/OGRE-1.9.0/Plugin_OctreeSceneManager
22:11:38: Installing plugin: Octree Scene Manager
22:11:38: Plugin successfully installed
22:11:38: *-*-* OGRE Initialising
22:11:38: *-*-* Version 1.9.0 (Ghadamon)
22:11:38: Creating resource group Essential
22:11:38: Added resource location '/lusr/opt/ogre-1.9/share/OGRE/Media/thumbnails' of type 'FileSystem' to resource group 'Essential'
22:11:38: Added resource location '/lusr/opt/ogre-1.9/share/OGRE/Media/packs/SdkTrays.zip' of type 'Zip' to resource group 'Essential'
22:11:38: Added resource location '/lusr/opt/ogre-1.9/share/OGRE/Media/packs/profiler.zip' of type 'Zip' to resource group 'Essential'
22:11:38: Added resource location '/lusr/opt/ogre-1.9/share/OGRE/Media' of type 'FileSystem' to resource group 'General'
22:11:38: Creating resource group Popular
22:11:38: Added resource location '/lusr/opt/ogre-1.9/share/OGRE/Media/fonts' of type 'FileSystem' to resource group 'Popular'
22:11:38: Added resource location '/lusr/opt/ogre-1.9/share/OGRE/Media/materials/programs/GLSL' of type 'FileSystem' to resource group 'Popular'
22:11:38: Added resource location '/lusr/opt/ogre-1.9/share/OGRE/Media/materials/scripts' of type 'FileSystem' to resource group 'Popular'
22:11:38: Added resource location '/lusr/opt/ogre-1.9/share/OGRE/Media/materials/textures' of type 'FileSystem' to resource group 'Popular'
22:11:38: Added resource location '/lusr/opt/ogre-1.9/share/OGRE/Media/materials/textures/nvidia' of type 'FileSystem' to resource group 'Popular'
22:11:38: Added resource location '/lusr/opt/ogre-1.9/share/OGRE/Media/models' of type 'FileSystem' to resource group 'Popular'
22:11:38: Added resource location '/lusr/opt/ogre-1.9/share/OGRE/Media/particle' of type 'FileSystem' to resource group 'Popular'
22:11:38: Added resource location '/lusr/opt/ogre-1.9/share/OGRE/Media/DeferredShadingMedia' of type 'FileSystem' to resource group 'Popular'
22:11:38: Added resource location '/lusr/opt/ogre-1.9/share/OGRE/Media/PCZAppMedia' of type 'FileSystem' to resource group 'Popular'
22:11:38: Added resource location '/lusr/opt/ogre-1.9/share/OGRE/Media/RTShaderLib' of type 'FileSystem' to resource group 'Popular'
22:11:38: Added resource location '/lusr/opt/ogre-1.9/share/OGRE/Media/RTShaderLib/materials' of type 'FileSystem' to resource group 'Popular'
22:11:39: Added resource location '/lusr/opt/ogre-1.9/share/OGRE/Media/materials/scripts/SSAO' of type 'FileSystem' to resource group 'Popular'
22:11:39: Added resource location '/lusr/opt/ogre-1.9/share/OGRE/Media/materials/textures/SSAO' of type 'FileSystem' to resource group 'Popular'
22:11:39: Added resource location '/lusr/opt/ogre-1.9/share/OGRE/Media/volumeTerrain' of type 'FileSystem' to resource group 'Popular'
22:11:39: Added resource location '/lusr/opt/ogre-1.9/share/OGRE/Media/packs/cubemap.zip' of type 'Zip' to resource group 'Popular'
22:11:39: Added resource location '/lusr/opt/ogre-1.9/share/OGRE/Media/packs/cubemapsJS.zip' of type 'Zip' to resource group 'Popular'
22:11:39: Added resource location '/lusr/opt/ogre-1.9/share/OGRE/Media/packs/dragon.zip' of type 'Zip' to resource group 'Popular'
22:11:39: Added resource location '/lusr/opt/ogre-1.9/share/OGRE/Media/packs/fresneldemo.zip' of type 'Zip' to resource group 'Popular'
22:11:39: Added resource location '/lusr/opt/ogre-1.9/share/OGRE/Media/packs/ogretestmap.zip' of type 'Zip' to resource group 'Popular'
22:11:39: Added resource location '/lusr/opt/ogre-1.9/share/OGRE/Media/packs/ogredance.zip' of type 'Zip' to resource group 'Popular'
22:11:39: Added resource location '/lusr/opt/ogre-1.9/share/OGRE/Media/packs/Sinbad.zip' of type 'Zip' to resource group 'Popular'
22:11:39: Added resource location '/lusr/opt/ogre-1.9/share/OGRE/Media/packs/skybox.zip' of type 'Zip' to resource group 'Popular'
22:11:39: Added resource location '/lusr/opt/ogre-1.9/share/OGRE/Media/volumeTerrain/volumeTerrainBig.zip' of type 'Zip' to resource group 'Popular'
22:11:39: Creating resource group Tests
22:11:39: Added resource location '/lusr/opt/ogre-1.9/Tests/Media' of type 'FileSystem' to resource group 'Tests'
22:11:44: CPU Identifier & Features
22:11:44: -------------------------
22:11:44:  *   CPU ID: GenuineIntel: Intel(R) Xeon(R) CPU E5-2650 v3 @ 2.30GHz
22:11:44:  *      SSE: yes
22:11:44:  *     SSE2: yes
22:11:44:  *     SSE3: yes
22:11:44:  *      MMX: yes
22:11:44:  *   MMXEXT: yes
22:11:44:  *    3DNOW: no
22:11:44:  * 3DNOWEXT: no
22:11:44:  *     CMOV: yes
22:11:44:  *      TSC: yes
22:11:44:  *      FPU: yes
22:11:44:  *      PRO: yes
22:11:44:  *       HT: no
22:11:44: -------------------------
22:11:44: ******************************
*** Starting GLX Subsystem ***
******************************
22:11:44: Registering ResourceManager for type Texture
22:11:44: GLRenderSystem::_createRenderWindow "TutorialApplication Render Window", 1280x720 fullscreen  miscParams: FSAA=0 displayFrequency=0 Hz gamma=No vsync=No 
22:11:45: GLXWindow::create used FBConfigID = 56
22:11:45: GL_VERSION = 3.0 Mesa 18.0.5
22:11:45: GL_VENDOR = VMware, Inc.
22:11:45: GL_RENDERER = llvmpipe (LLVM 6.0, 256 bits)
22:11:45: GL_EXTENSIONS = GL_AMD_conservative_depth GL_AMD_draw_buffers_blend GL_AMD_seamless_cubemap_per_texture GL_AMD_shader_stencil_export GL_AMD_shader_trinary_minmax GL_ANGLE_texture_compression_dxt3 GL_ANGLE_texture_compression_dxt5 GL_APPLE_packed_pixels GL_ARB_ES2_compatibility GL_ARB_ES3_compatibility GL_ARB_arrays_of_arrays GL_ARB_base_instance GL_ARB_blend_func_extended GL_ARB_buffer_storage GL_ARB_clear_buffer_object GL_ARB_clear_texture GL_ARB_clip_control GL_ARB_color_buffer_float GL_ARB_compressed_texture_pixel_storage GL_ARB_conditional_render_inverted GL_ARB_conservative_depth GL_ARB_copy_buffer GL_ARB_copy_image GL_ARB_cull_distance GL_ARB_debug_output GL_ARB_depth_buffer_float GL_ARB_depth_clamp GL_ARB_depth_texture GL_ARB_draw_buffers GL_ARB_draw_buffers_blend GL_ARB_draw_elements_base_vertex GL_ARB_draw_instanced GL_ARB_explicit_attrib_location GL_ARB_explicit_uniform_location GL_ARB_fragment_coord_conventions GL_ARB_fragment_program GL_ARB_fragment_program_shadow GL_ARB_fragment_shader GL_ARB_framebuffer_object GL_ARB_framebuffer_sRGB GL_ARB_get_program_binary GL_ARB_get_texture_sub_image GL_ARB_half_float_pixel GL_ARB_half_float_vertex GL_ARB_instanced_arrays GL_ARB_internalformat_query GL_ARB_internalformat_query2 GL_ARB_invalidate_subdata GL_ARB_map_buffer_alignment GL_ARB_map_buffer_range GL_ARB_multi_bind GL_ARB_multisample GL_ARB_multitexture GL_ARB_occlusion_query GL_ARB_occlusion_query2 GL_ARB_pipeline_statistics_query GL_ARB_pixel_buffer_object GL_ARB_point_parameters GL_ARB_point_sprite GL_ARB_polygon_offset_clamp GL_ARB_program_interface_query GL_ARB_provoking_vertex GL_ARB_robustness GL_ARB_sampler_objects GL_ARB_seamless_cube_map GL_ARB_seamless_cubemap_per_texture GL_ARB_separate_shader_objects GL_ARB_shader_bit_encoding GL_ARB_shader_objects GL_ARB_shader_stencil_export GL_ARB_shader_texture_lod GL_ARB_shading_language_100 GL_ARB_shading_language_420pack GL_ARB_shading_language_packing GL_ARB_shadow GL_ARB_stencil_texturing GL_ARB_sync GL_ARB_texture_border_clamp GL_ARB_texture_buffer_object GL_ARB_texture_buffer_object_rgb32 GL_ARB_texture_buffer_range GL_ARB_texture_compression GL_ARB_texture_compression_rgtc GL_ARB_texture_cube_map GL_ARB_texture_cube_map_array GL_ARB_texture_env_add GL_ARB_texture_env_combine GL_ARB_texture_env_crossbar GL_ARB_texture_env_dot3 GL_ARB_texture_float GL_ARB_texture_gather GL_ARB_texture_mirror_clamp_to_edge GL_ARB_texture_mirrored_repeat GL_ARB_texture_multisample GL_ARB_texture_non_power_of_two GL_ARB_texture_query_levels GL_ARB_texture_query_lod GL_ARB_texture_rectangle GL_ARB_texture_rg GL_ARB_texture_rgb10_a2ui GL_ARB_texture_stencil8 GL_ARB_texture_storage GL_ARB_texture_storage_multisample GL_ARB_texture_swizzle GL_ARB_texture_view GL_ARB_timer_query GL_ARB_transform_feedback2 GL_ARB_transform_feedback3 GL_ARB_transform_feedback_instanced GL_ARB_transform_feedback_overflow_query GL_ARB_transpose_matrix GL_ARB_uniform_buffer_object GL_ARB_vertex_array_bgra GL_ARB_vertex_array_object GL_ARB_vertex_attrib_binding GL_ARB_vertex_buffer_object GL_ARB_vertex_program GL_ARB_vertex_shader GL_ARB_vertex_type_10f_11f_11f_rev GL_ARB_vertex_type_2_10_10_10_rev GL_ARB_window_pos GL_ATI_blend_equation_separate GL_ATI_draw_buffers GL_ATI_fragment_shader GL_ATI_separate_stencil GL_ATI_texture_compression_3dc GL_ATI_texture_env_combine3 GL_ATI_texture_float GL_ATI_texture_mirror_once GL_EXT_abgr GL_EXT_bgra GL_EXT_blend_color GL_EXT_blend_equation_separate GL_EXT_blend_func_separate GL_EXT_blend_minmax GL_EXT_blend_subtract GL_EXT_compiled_vertex_array GL_EXT_copy_texture GL_EXT_draw_buffers2 GL_EXT_draw_instanced GL_EXT_draw_range_elements GL_EXT_fog_coord GL_EXT_framebuffer_blit GL_EXT_framebuffer_multisample GL_EXT_framebuffer_multisample_blit_scaled GL_EXT_framebuffer_object GL_EXT_framebuffer_sRGB GL_EXT_gpu_program_parameters GL_EXT_multi_draw_arrays GL_EXT_packed_depth_stencil GL_EXT_packed_float GL_EXT_packed_pixels GL_EXT_pixel_buffer_object GL_EXT_point_parameters GL_EXT_polygon_offset GL_EXT_polygon_offset_clamp GL_EXT_provoking_vertex GL_EXT_rescale_normal GL_EXT_secondary_color GL_EXT_separate_specular_color GL_EXT_shader_integer_mix GL_EXT_shadow_funcs GL_EXT_stencil_two_side GL_EXT_stencil_wrap GL_EXT_subtexture GL_EXT_texture GL_EXT_texture3D GL_EXT_texture_array GL_EXT_texture_compression_dxt1 GL_EXT_texture_compression_latc GL_EXT_texture_compression_rgtc GL_EXT_texture_compression_s3tc GL_EXT_texture_cube_map GL_EXT_texture_edge_clamp GL_EXT_texture_env_add GL_EXT_texture_env_combine GL_EXT_texture_env_dot3 GL_EXT_texture_integer GL_EXT_texture_lod_bias GL_EXT_texture_mirror_clamp GL_EXT_texture_object GL_EXT_texture_rectangle GL_EXT_texture_sRGB GL_EXT_texture_sRGB_decode GL_EXT_texture_shared_exponent GL_EXT_texture_snorm GL_EXT_texture_swizzle GL_EXT_timer_query GL_EXT_transform_feedback GL_EXT_vertex_array GL_EXT_vertex_array_bgra GL_IBM_multimode_draw_arrays GL_IBM_rasterpos_clip GL_IBM_texture_mirrored_repeat GL_INGR_blend_func_separate GL_KHR_context_flush_control GL_KHR_debug GL_KHR_no_error GL_MESA_pack_invert GL_MESA_shader_integer_functions GL_MESA_texture_signed_rgba GL_MESA_window_pos GL_MESA_ycbcr_texture GL_NV_blend_square GL_NV_conditional_render GL_NV_depth_clamp GL_NV_fog_distance GL_NV_light_max_exponent GL_NV_packed_depth_stencil GL_NV_primitive_restart GL_NV_texgen_reflection GL_NV_texture_env_combine4 GL_NV_texture_rectangle GL_OES_EGL_image GL_OES_read_format GL_S3_s3tc GL_SGIS_generate_mipmap GL_SGIS_texture_border_clamp GL_SGIS_texture_edge_clamp GL_SGIS_texture_lod GL_SUN_multi_draw_arrays 
22:11:45: Supported GLX extensions: GLX_ARB_get_proc_address GLX_ARB_multisample GLX_EXT_import_context GLX_EXT_visual_info GLX_EXT_visual_rating GLX_MESA_multithread_makecurrent GLX_MESA_query_renderer GLX_OML_swap_method GLX_SGIS_multisample GLX_SGIX_fbconfig GLX_SGI_make_current_read 
22:11:45: ***************************
22:11:45: *** GL Renderer Started ***
22:11:45: ***************************
22:11:45: Registering ResourceManager for type GpuProgram
22:11:45: GLSL support detected
22:11:45: GL: Using GL_EXT_framebuffer_object for rendering to textures (best)
22:11:45: FBO PF_UNKNOWN depth/stencil support: D0S1 D0S4 D0S8 D0S16 D16S0 D24S0 D32S0 Packed-D24S8 
22:11:45: FBO PF_L8 depth/stencil support: D0S0 D0S1 D0S4 D0S8 D0S16 D16S0 D24S0 D32S0 Packed-D24S8 
22:11:45: FBO PF_L16 depth/stencil support: D0S0 D0S1 D0S4 D0S8 D0S16 D16S0 D24S0 D32S0 Packed-D24S8 
22:11:45: FBO PF_A8 depth/stencil support: D0S0 D0S1 D0S4 D0S8 D0S16 D16S0 D24S0 D32S0 Packed-D24S8 
22:11:45: FBO PF_A4L4 depth/stencil support: D0S0 D0S1 D0S4 D0S8 D0S16 D16S0 D24S0 D32S0 Packed-D24S8 
22:11:45: FBO PF_BYTE_LA depth/stencil support: D0S0 D0S1 D0S4 D0S8 D0S16 D16S0 D24S0 D32S0 Packed-D24S8 
22:11:45: FBO PF_R5G6B5 depth/stencil support: D0S0 D0S1 D0S4 D0S8 D0S16 D16S0 D24S0 D32S0 Packed-D24S8 
22:11:45: FBO PF_B5G6R5 depth/stencil support: D0S0 D0S1 D0S4 D0S8 D0S16 D16S0 D24S0 D32S0 Packed-D24S8 
22:11:45: FBO PF_A4R4G4B4 depth/stencil support: D0S0 D0S1 D0S4 D0S8 D0S16 D16S0 D24S0 D32S0 Packed-D24S8 
22:11:45: FBO PF_A1R5G5B5 depth/stencil support: D0S0 D0S1 D0S4 D0S8 D0S16 D16S0 D24S0 D32S0 Packed-D24S8 
22:11:45: FBO PF_R8G8B8 depth/stencil support: D0S0 D0S1 D0S4 D0S8 D0S16 D16S0 D24S0 D32S0 Packed-D24S8 
22:11:45: FBO PF_B8G8R8 depth/stencil support: D0S0 D0S1 D0S4 D0S8 D0S16 D16S0 D24S0 D32S0 Packed-D24S8 
22:11:45: FBO PF_A8R8G8B8 depth/stencil support: D0S0 D0S1 D0S4 D0S8 D0S16 D16S0 D24S0 D32S0 Packed-D24S8 
22:11:45: FBO PF_B8G8R8A8 depth/stencil support: D0S0 D0S1 D0S4 D0S8 D0S16 D16S0 D24S0 D32S0 Packed-D24S8 
22:11:45: FBO PF_A2R10G10B10 depth/stencil support: D0S0 D0S1 D0S4 D0S8 D0S16 D16S0 D24S0 D32S0 Packed-D24S8 
22:11:45: FBO PF_A2B10G10R10 depth/stencil support: D0S0 D0S1 D0S4 D0S8 D0S16 D16S0 D24S0 D32S0 Packed-D24S8 
22:11:45: FBO PF_FLOAT16_RGB depth/stencil support: D0S0 D0S1 D0S4 D0S8 D0S16 D16S0 D24S0 D32S0 Packed-D24S8 
22:11:45: FBO PF_FLOAT16_RGBA depth/stencil support: D0S0 D0S1 D0S4 D0S8 D0S16 D16S0 D24S0 D32S0 Packed-D24S8 
22:11:45: FBO PF_FLOAT32_RGB depth/stencil support: D0S0 D0S1 D0S4 D0S8 D0S16 D16S0 D24S0 D32S0 Packed-D24S8 
22:11:45: FBO PF_FLOAT32_RGBA depth/stencil support: D0S0 D0S1 D0S4 D0S8 D0S16 D16S0 D24S0 D32S0 Packed-D24S8 
22:11:45: FBO PF_X8R8G8B8 depth/stencil support: D0S0 D0S1 D0S4 D0S8 D0S16 D16S0 D24S0 D32S0 Packed-D24S8 
22:11:45: FBO PF_X8B8G8R8 depth/stencil support: D0S0 D0S1 D0S4 D0S8 D0S16 D16S0 D24S0 D32S0 Packed-D24S8 
22:11:45: FBO PF_SHORT_RGBA depth/stencil support: D0S0 D0S1 D0S4 D0S8 D0S16 D16S0 D24S0 D32S0 Packed-D24S8 
22:11:45: FBO PF_R3G3B2 depth/stencil support: D0S0 D0S1 D0S4 D0S8 D0S16 D16S0 D24S0 D32S0 Packed-D24S8 
22:11:45: FBO PF_FLOAT16_R depth/stencil support: D0S0 D0S1 D0S4 D0S8 D0S16 D16S0 D24S0 D32S0 Packed-D24S8 
22:11:45: FBO PF_FLOAT32_R depth/stencil support: D0S0 D0S1 D0S4 D0S8 D0S16 D16S0 D24S0 D32S0 Packed-D24S8 
22:11:45: FBO PF_SHORT_GR depth/stencil support: D0S0 D0S1 D0S4 D0S8 D0S16 D16S0 D24S0 D32S0 Packed-D24S8 
22:11:45: FBO PF_FLOAT16_GR depth/stencil support: D0S0 D0S1 D0S4 D0S8 D0S16 D16S0 D24S0 D32S0 Packed-D24S8 
22:11:45: FBO PF_FLOAT32_GR depth/stencil support: D0S0 D0S1 D0S4 D0S8 D0S16 D16S0 D24S0 D32S0 Packed-D24S8 
22:11:45: FBO PF_SHORT_RGB depth/stencil support: D0S0 D0S1 D0S4 D0S8 D0S16 D16S0 D24S0 D32S0 Packed-D24S8 
22:11:45: [GL] : Valid FBO targets PF_UNKNOWN PF_L8 PF_L16 PF_A8 PF_A4L4 PF_BYTE_LA PF_R5G6B5 PF_B5G6R5 PF_A4R4G4B4 PF_A1R5G5B5 PF_R8G8B8 PF_B8G8R8 PF_A8R8G8B8 PF_B8G8R8A8 PF_A2R10G10B10 PF_A2B10G10R10 PF_FLOAT16_RGB PF_FLOAT16_RGBA PF_FLOAT32_RGB PF_FLOAT32_RGBA PF_X8R8G8B8 PF_X8B8G8R8 PF_SHORT_RGBA PF_R3G3B2 PF_FLOAT16_R PF_FLOAT32_R PF_SHORT_GR PF_FLOAT16_GR PF_FLOAT32_GR PF_SHORT_RGB 
22:11:45: RenderSystem capabilities
22:11:45: -------------------------
22:11:45: RenderSystem Name: OpenGL Rendering Subsystem
22:11:45: GPU Vendor: unknown
22:11:45: Device Name: llvmpipe (LLVM 6.0, 256 bits)
22:11:45: Driver Version: 3.0.0.0
22:11:45:  * Fixed function pipeline: yes
22:11:45:  * Hardware generation of mipmaps: yes
22:11:45:  * Texture blending: yes
22:11:45:  * Anisotropic texture filtering: no
22:11:45:  * Dot product texture operation: yes
22:11:45:  * Cube mapping: yes
22:11:45:  * Hardware stencil buffer: yes
22:11:45:    - Stencil depth: 8
22:11:45:    - Two sided stencil support: yes
22:11:45:    - Wrap stencil values: yes
22:11:45:  * Hardware vertex / index buffers: yes
22:11:45:  * Vertex programs: yes
22:11:45:  * Number of floating-point constants for vertex programs: 4096
22:11:45:  * Number of integer constants for vertex programs: 0
22:11:45:  * Number of boolean constants for vertex programs: 0
22:11:45:  * Fragment programs: yes
22:11:45:  * Number of floating-point constants for fragment programs: 4096
22:11:45:  * Number of integer constants for fragment programs: 0
22:11:45:  * Number of boolean constants for fragment programs: 0
22:11:45:  * Geometry programs: no
22:11:45:  * Number of floating-point constants for geometry programs: 48316
22:11:45:  * Number of integer constants for geometry programs: 27324
22:11:45:  * Number of boolean constants for geometry programs: 47055
22:11:45:  * Tesselation Hull programs: no
22:11:45:  * Number of floating-point constants for tesselation hull programs: 32606
22:11:45:  * Number of integer constants for tesselation hull programs: 57785
22:11:45:  * Number of boolean constants for tesselation hull programs: 5647
22:11:45:  * Tesselation Domain programs: no
22:11:45:  * Number of floating-point constants for tesselation domain programs: 56933
22:11:45:  * Number of integer constants for tesselation domain programs: 30194
22:11:45:  * Number of boolean constants for tesselation domain programs: 1529
22:11:45:  * Compute programs: no
22:11:45:  * Number of floating-point constants for compute programs: 41017
22:11:45:  * Number of integer constants for compute programs: 23504
22:11:45:  * Number of boolean constants for compute programs: 26848
22:11:45:  * Supported Shader Profiles: arbfp1 arbvp1 glsl ps_1_1 ps_1_2 ps_1_3 ps_1_4
22:11:45:  * Texture Compression: yes
22:11:45:    - DXT: yes
22:11:45:    - VTC: no
22:11:45:    - PVRTC: no
22:11:45:    - ATC: no
22:11:45:    - ETC1: no
22:11:45:    - ETC2: no
22:11:45:    - BC4/BC5: no
22:11:45:    - BC6H/BC7: no
22:11:45:  * Scissor Rectangle: yes
22:11:45:  * Hardware Occlusion Query: yes
22:11:45:  * User clip planes: yes
22:11:45:  * VET_UBYTE4 vertex element type: yes
22:11:45:  * Infinite far plane projection: yes
22:11:45:  * Hardware render-to-texture: yes
22:11:45:  * Floating point textures: yes
22:11:45:  * Non-power-of-two textures: yes
22:11:45:  * 1d textures: yes
22:11:45:  * Volume textures: yes
22:11:45:  * Multiple Render Targets: 8
22:11:45:    - With different bit depths: yes
22:11:45:  * Point Sprites: yes
22:11:45:  * Extended point parameters: yes
22:11:45:  * Max Point Size: 255
22:11:45:  * Vertex texture fetch: yes
22:11:45:  * Number of world matrices: 0
22:11:45:  * Number of texture units: 16
22:11:45:  * Stencil buffer depth: 8
22:11:45:  * Number of vertex blend matrices: 0
22:11:45:    - Max vertex textures: 32
22:11:45:    - Vertex textures shared: yes
22:11:45:  * Render to Vertex Buffer : no
22:11:45:  * Hardware Atomic Counters: no
22:11:45:  * GL 1.5 without VBO workaround: no
22:11:45:  * Frame Buffer objects: yes
22:11:45:  * Frame Buffer objects (ARB extension): no
22:11:45:  * Frame Buffer objects (ATI extension): no
22:11:45:  * PBuffer support: yes
22:11:45:  * GL 1.5 without HW-occlusion workaround: no
22:11:45:  * Vertex Array Objects: no
22:11:45:  * Separate shader objects: no
22:11:45: DefaultWorkQueue('Root') initialising on thread 7f2c87216800.
22:11:45: DefaultWorkQueue('Root')::WorkerFunc - thread 7f2c6c74b700 starting.
22:11:45: DefaultWorkQueue('Root')::WorkerFunc - thread 7f2c6cf4c700 starting.
22:11:45: DefaultWorkQueue('Root')::WorkerFunc - thread 7f2c6d74d700 starting.
22:11:45: DefaultWorkQueue('Root')::WorkerFunc - thread 7f2c6b749700 starting.
22:11:45: DefaultWorkQueue('Root')::WorkerFunc - thread 7f2c6bf4a700 starting.
22:11:45: DefaultWorkQueue('Root')::WorkerFunc - thread 7f2c69f46700 starting.
22:11:45: DefaultWorkQueue('Root')::WorkerFunc - thread 7f2c6af48700 starting.
22:11:45: DefaultWorkQueue('Root')::WorkerFunc - thread 7f2c6a747700 starting.
22:11:45: DefaultWorkQueue('Root')::WorkerFunc - thread 7f2c69745700 starting.
22:11:45: DefaultWorkQueue('Root')::WorkerFunc - thread 7f2c68f44700 starting.
22:11:45: DefaultWorkQueue('Root')::WorkerFunc - thread 7f2c63fff700 starting.
22:11:45: DefaultWorkQueue('Root')::WorkerFunc - thread 7f2c62ffd700 starting.
22:11:45: DefaultWorkQueue('Root')::WorkerFunc - thread 7f2c637fe700 starting.
22:11:45: DefaultWorkQueue('Root')::WorkerFunc - thread 7f2c627fc700 starting.
22:11:45: DefaultWorkQueue('Root')::WorkerFunc - thread 7f2c61ffb700 starting.
22:11:45: DefaultWorkQueue('Root')::WorkerFunc - thread 7f2c617fa700 starting.
22:11:45: DefaultWorkQueue('Root')::WorkerFunc - thread 7f2c60ff9700 starting.
22:11:45: DefaultWorkQueue('Root')::WorkerFunc - thread 7f2c4bfff700 starting.
22:11:45: DefaultWorkQueue('Root')::WorkerFunc - thread 7f2c4b7fe700 starting.
22:11:45: Particle Renderer Type 'billboard' registered
22:11:45: DefaultWorkQueue('Root')::WorkerFunc - thread 7f2c4affd700 starting.
22:11:45: SceneManagerFactory for type 'BspSceneManager' registered.
22:11:45: Registering ResourceManager for type BspLevel
22:11:45: SceneManagerFactory for type 'PCZSceneManager' registered.
22:11:45: MovableObjectFactory for type 'PCZLight' registered.
22:11:45: MovableObjectFactory for type 'Portal' registered.
22:11:45: MovableObjectFactory for type 'AntiPortal' registered.
22:11:45: PCZone Factory Type 'ZoneType_Octree' registered
22:11:45: SceneManagerFactory for type 'OctreeSceneManager' registered.
22:11:45: OverlayElementFactory for type Panel registered.
22:11:45: OverlayElementFactory for type BorderPanel registered.
22:11:45: OverlayElementFactory for type TextArea registered.
22:11:45: Registering ResourceManager for type Font
22:11:45: Parsing scripts for resource group Autodetect
22:11:45: Finished parsing scripts for resource group Autodetect
22:11:45: Creating resources for group Autodetect
22:11:45: All done
22:11:45: Parsing scripts for resource group Essential
22:11:45: Parsing script SdkTrays.material
22:11:45: Parsing script OgreProfiler.material
22:11:45: Parsing script SdkTrays.fontdef
22:11:45: Parsing script SdkTrays.overlay
22:11:45: Texture: sdk_cursor.png: Loading 1 faces(PF_A8R8G8B8,32x32x1) with 5 hardware generated mipmaps from Image. Internal format is PF_A8R8G8B8,32x32x1.
22:11:45: Texture: sdk_tray.png: Loading 1 faces(PF_A8R8G8B8,64x64x1) with 5 hardware generated mipmaps from Image. Internal format is PF_A8R8G8B8,64x64x1.
22:11:45: Texture: sdk_button_up.png: Loading 1 faces(PF_A8R8G8B8,128x32x1) with 5 hardware generated mipmaps from Image. Internal format is PF_A8R8G8B8,128x32x1.
22:11:45: Texture: sdk_text_box.png: Loading 1 faces(PF_A8R8G8B8,32x32x1) with 5 hardware generated mipmaps from Image. Internal format is PF_A8R8G8B8,32x32x1.
22:11:45: Texture: sdk_mini_tray.png: Loading 1 faces(PF_A8R8G8B8,32x32x1) with 5 hardware generated mipmaps from Image. Internal format is PF_A8R8G8B8,32x32x1.
22:11:45: Texture: sdk_track.png: Loading 1 faces(PF_A8R8G8B8,16x32x1) with 5 hardware generated mipmaps from Image. Internal format is PF_A8R8G8B8,16x32x1.
22:11:45: Texture: sdk_handle.png: Loading 1 faces(PF_A8R8G8B8,16x16x1) with 4 hardware generated mipmaps from Image. Internal format is PF_A8R8G8B8,16x16x1.
22:11:45: Texture: sdk_mini_text_box.png: Loading 1 faces(PF_A8R8G8B8,32x32x1) with 5 hardware generated mipmaps from Image. Internal format is PF_A8R8G8B8,32x32x1.
22:11:45: Texture: sdk_label.png: Loading 1 faces(PF_A8R8G8B8,32x32x1) with 5 hardware generated mipmaps from Image. Internal format is PF_A8R8G8B8,32x32x1.
22:11:45: Texture: sdk_separator.png: Loading 1 faces(PF_A8R8G8B8,64x16x1) with 5 hardware generated mipmaps from Image. Internal format is PF_A8R8G8B8,64x16x1.
22:11:45: Texture: sdk_logo.png: Loading 1 faces(PF_A8R8G8B8,128x64x1) with 5 hardware generated mipmaps from Image. Internal format is PF_A8R8G8B8,128x64x1.
22:11:45: Texture: sdk_shade.png: Loading 1 faces(PF_A8R8G8B8,64x48x1) with 5 hardware generated mipmaps from Image. Internal format is PF_A8R8G8B8,64x48x1.
22:11:45: Texture: sdk_frame.png: Loading 1 faces(PF_A8R8G8B8,32x32x1) with 5 hardware generated mipmaps from Image. Internal format is PF_A8R8G8B8,32x32x1.
22:11:45: Texture: sdk_mini_text_box_over.png: Loading 1 faces(PF_A8R8G8B8,32x32x1) with 5 hardware generated mipmaps from Image. Internal format is PF_A8R8G8B8,32x32x1.
22:11:45: Texture: sdk_pulse.png: Loading 1 faces(PF_R8G8B8,8x1x1) with 3 hardware generated mipmaps from Image. Internal format is PF_X8R8G8B8,8x1x1.
22:11:45: Finished parsing scripts for resource group Essential
22:11:45: Creating resources for group Essential
22:11:45: All done
22:11:45: Parsing scripts for resource group General
22:11:45: Finished parsing scripts for resource group General
22:11:45: Creating resources for group General
22:11:45: All done
22:11:45: Parsing scripts for resource group Internal
22:11:45: Finished parsing scripts for resource group Internal
22:11:45: Creating resources for group Internal
22:11:45: All done
22:11:45: Parsing scripts for resource group Popular
22:11:45: Parsing script DualQuaternion.program
22:11:45: Parsing script Instancing.program
22:11:45: Parsing script Examples.program
22:11:45: Parsing script StdQuad_vp.program
22:11:45: Parsing script deferred_post.program
22:11:45: Parsing script ShadowCaster.program
22:11:45: Parsing script GBuffer.program
22:11:45: Parsing script triplanarReference.program
22:11:45: Parsing script pssm.material
22:11:45: Parsing script GLSLSwizzle.material
22:11:45: Parsing script HW_VTFInstancing.material
22:11:45: Parsing script CompositorDemo.material
22:11:45: Parsing script facial.material
22:11:45: Parsing script MRTtest.material
22:11:45: Parsing script OldMovie.material
22:11:45: Parsing script BlackAndWhite.material
22:11:45: Parsing script VTFInstancing.material
22:11:45: Parsing script Tesselation.material
22:11:45: Parsing script OldTV.material
22:11:45: Parsing script Tiling.material
22:11:45: Parsing script ShaderInstancing.material
22:11:45: Parsing script CGSwizzle.material
22:11:45: Parsing script HWInstancing.material
22:11:45: Parsing script smoke.material
22:11:45: Parsing script RadialBlur.material
22:11:45: Parsing script ASCII.material
22:11:45: Parsing script Bloom.material
22:11:45: Parsing script DualQuaternion.material
22:11:45: Parsing script Invert.material
22:11:45: Parsing script Ogre.material
22:11:45: Parsing script Examples-DynTex.material
22:11:45: Parsing script NightVision.material
22:11:45: Parsing script OffsetMapping.material
22:11:45: Parsing script HW_VTF_LUTInstancing.material
22:11:45: Parsing script Posterize.material
22:11:45: Parsing script Hurt.material
22:11:45: Parsing script MotionBlur.material
22:11:45: Parsing script RasterizationOrder.material
22:11:45: Parsing script Penguin.material
22:11:45: Parsing script DepthShadowmap.material
22:11:45: Parsing script Dither.material
22:11:45: Parsing script SharpenEdges.material
22:11:45: Parsing script VarianceShadowmap.material
22:11:45: Parsing script Halftone.material
22:11:45: Parsing script RZR-002.material
22:11:45: Parsing script Examples.material
22:11:45: Parsing script Ocean.material
22:11:45: Parsing script InstancingMisc.material
22:11:45: Parsing script Glass.material
22:11:45: Parsing script ASMSwizzle.material
22:11:45: Compiler error: object unsupported by render system in ASMSwizzle.material(1): , Shader name: Ogre/GPTest/Swizzle_GP_ASM
22:11:45: Parsing script shadows.material
22:11:45: Parsing script hdr.material
22:11:45: Parsing script Bloom2.material
22:11:45: Parsing script instancing.material
22:11:45: Parsing script Embossed.material
22:11:45: Parsing script Laplace.material
22:11:45: Parsing script sibenik.material
22:11:45: Parsing script DOF.material
22:11:45: Parsing script ParticleGS.material
22:11:45: Parsing script Example-Water.material
22:11:45: Parsing script Examples-Water.material
22:11:45: Parsing script IsoSurf.material
22:11:45: Parsing script ShaderSystem.material
22:11:45: Parsing script AdaptivePNTrianglesTessellation.material
22:11:45: Parsing script Examples-Advanced.material
22:11:45: Compiler error: object unsupported by render system in Examples-Advanced.material(1027): , Shader name: Examples/TextureArrayPSasm
22:11:45: Parsing script HeatVision.material
22:11:45: Parsing script ssao.material
22:11:45: Parsing script deferred_post_minilight.material
22:11:45: Parsing script ShadowCaster.material
22:11:45: Parsing script deferreddemo.material
22:11:45: Parsing script deferred_post.material
22:11:45: Parsing script ROOM.material
22:11:45: Parsing script DualQuaternionSkinning_Shadow.material
22:11:45: OGRE EXCEPTION(6:FileNotFoundException): Cannot locate resource DualQuaternionSkinning_ShadowOneWeight.glsl in resource group Popular or any other group. in ResourceGroupManager::openResource at /build/ogre-1.9-mqY1wq/ogre-1.9-1.9.0+dfsg1/OgreMain/src/OgreResourceGroupManager.cpp (line 756)
22:11:45: High-level program Ogre/RTShader/shadow_caster_dq_skinning_1weight_vs_glsl encountered an error during loading and is thus not supported.
OGRE EXCEPTION(6:FileNotFoundException): Cannot locate resource DualQuaternionSkinning_ShadowOneWeight.glsl in resource group Popular or any other group. in ResourceGroupManager::openResource at /build/ogre-1.9-mqY1wq/ogre-1.9-1.9.0+dfsg1/OgreMain/src/OgreResourceGroupManager.cpp (line 756)
22:11:45: OGRE EXCEPTION(2:InvalidParametersException): Named constants have not been initialised, perhaps a compile error. in GpuProgramParameters::_findNamedConstantDefinition at /build/ogre-1.9-mqY1wq/ogre-1.9-1.9.0+dfsg1/OgreMain/src/OgreGpuProgramParams.cpp (line 1709)
22:11:45: Compiler error: invalid parameters in DualQuaternionSkinning_Shadow.material(121): setting of constant failed
22:11:45: OGRE EXCEPTION(2:InvalidParametersException): Named constants have not been initialised, perhaps a compile error. in GpuProgramParameters::_findNamedConstantDefinition at /build/ogre-1.9-mqY1wq/ogre-1.9-1.9.0+dfsg1/OgreMain/src/OgreGpuProgramParams.cpp (line 1709)
22:11:45: Compiler error: invalid parameters in DualQuaternionSkinning_Shadow.material(122): setting of constant failed
22:11:45: OGRE EXCEPTION(2:InvalidParametersException): Named constants have not been initialised, perhaps a compile error. in GpuProgramParameters::_findNamedConstantDefinition at /build/ogre-1.9-mqY1wq/ogre-1.9-1.9.0+dfsg1/OgreMain/src/OgreGpuProgramParams.cpp (line 1709)
22:11:45: Compiler error: invalid parameters in DualQuaternionSkinning_Shadow.material(123): setting of constant failed
22:11:45: OGRE EXCEPTION(6:FileNotFoundException): Cannot locate resource DualQuaternionSkinning_ShadowTwoWeights.glsl in resource group Popular or any other group. in ResourceGroupManager::openResource at /build/ogre-1.9-mqY1wq/ogre-1.9-1.9.0+dfsg1/OgreMain/src/OgreResourceGroupManager.cpp (line 756)
22:11:45: High-level program Ogre/RTShader/shadow_caster_dq_skinning_2weight_vs_glsl encountered an error during loading and is thus not supported.
OGRE EXCEPTION(6:FileNotFoundException): Cannot locate resource DualQuaternionSkinning_ShadowTwoWeights.glsl in resource group Popular or any other group. in ResourceGroupManager::openResource at /build/ogre-1.9-mqY1wq/ogre-1.9-1.9.0+dfsg1/OgreMain/src/OgreResourceGroupManager.cpp (line 756)
22:11:45: OGRE EXCEPTION(2:InvalidParametersException): Named constants have not been initialised, perhaps a compile error. in GpuProgramParameters::_findNamedConstantDefinition at /build/ogre-1.9-mqY1wq/ogre-1.9-1.9.0+dfsg1/OgreMain/src/OgreGpuProgramParams.cpp (line 1709)
22:11:45: Compiler error: invalid parameters in DualQuaternionSkinning_Shadow.material(135): setting of constant failed
22:11:45: OGRE EXCEPTION(2:InvalidParametersException): Named constants have not been initialised, perhaps a compile error. in GpuProgramParameters::_findNamedConstantDefinition at /build/ogre-1.9-mqY1wq/ogre-1.9-1.9.0+dfsg1/OgreMain/src/OgreGpuProgramParams.cpp (line 1709)
22:11:45: Compiler error: invalid parameters in DualQuaternionSkinning_Shadow.material(136): setting of constant failed
22:11:45: OGRE EXCEPTION(2:InvalidParametersException): Named constants have not been initialised, perhaps a compile error. in GpuProgramParameters::_findNamedConstantDefinition at /build/ogre-1.9-mqY1wq/ogre-1.9-1.9.0+dfsg1/OgreMain/src/OgreGpuProgramParams.cpp (line 1709)
22:11:45: Compiler error: invalid parameters in DualQuaternionSkinning_Shadow.material(137): setting of constant failed
22:11:45: OGRE EXCEPTION(6:FileNotFoundException): Cannot locate resource DualQuaternionSkinning_ShadowThreeWeights.glsl in resource group Popular or any other group. in ResourceGroupManager::openResource at /build/ogre-1.9-mqY1wq/ogre-1.9-1.9.0+dfsg1/OgreMain/src/OgreResourceGroupManager.cpp (line 756)
22:11:45: High-level program Ogre/RTShader/shadow_caster_dq_skinning_3weight_vs_glsl encountered an error during loading and is thus not supported.
OGRE EXCEPTION(6:FileNotFoundException): Cannot locate resource DualQuaternionSkinning_ShadowThreeWeights.glsl in resource group Popular or any other group. in ResourceGroupManager::openResource at /build/ogre-1.9-mqY1wq/ogre-1.9-1.9.0+dfsg1/OgreMain/src/OgreResourceGroupManager.cpp (line 756)
22:11:45: OGRE EXCEPTION(2:InvalidParametersException): Named constants have not been initialised, perhaps a compile error. in GpuProgramParameters::_findNamedConstantDefinition at /build/ogre-1.9-mqY1wq/ogre-1.9-1.9.0+dfsg1/OgreMain/src/OgreGpuProgramParams.cpp (line 1709)
22:11:45: Compiler error: invalid parameters in DualQuaternionSkinning_Shadow.material(149): setting of constant failed
22:11:45: OGRE EXCEPTION(2:InvalidParametersException): Named constants have not been initialised, perhaps a compile error. in GpuProgramParameters::_findNamedConstantDefinition at /build/ogre-1.9-mqY1wq/ogre-1.9-1.9.0+dfsg1/OgreMain/src/OgreGpuProgramParams.cpp (line 1709)
22:11:45: Compiler error: invalid parameters in DualQuaternionSkinning_Shadow.material(150): setting of constant failed
22:11:45: OGRE EXCEPTION(2:InvalidParametersException): Named constants have not been initialised, perhaps a compile error. in GpuProgramParameters::_findNamedConstantDefinition at /build/ogre-1.9-mqY1wq/ogre-1.9-1.9.0+dfsg1/OgreMain/src/OgreGpuProgramParams.cpp (line 1709)
22:11:45: Compiler error: invalid parameters in DualQuaternionSkinning_Shadow.material(151): setting of constant failed
22:11:45: OGRE EXCEPTION(6:FileNotFoundException): Cannot locate resource DualQuaternionSkinning_ShadowFourWeights.glsl in resource group Popular or any other group. in ResourceGroupManager::openResource at /build/ogre-1.9-mqY1wq/ogre-1.9-1.9.0+dfsg1/OgreMain/src/OgreResourceGroupManager.cpp (line 756)
22:11:45: High-level program Ogre/RTShader/shadow_caster_dq_skinning_4weight_vs_glsl encountered an error during loading and is thus not supported.
OGRE EXCEPTION(6:FileNotFoundException): Cannot locate resource DualQuaternionSkinning_ShadowFourWeights.glsl in resource group Popular or any other group. in ResourceGroupManager::openResource at /build/ogre-1.9-mqY1wq/ogre-1.9-1.9.0+dfsg1/OgreMain/src/OgreResourceGroupManager.cpp (line 756)
22:11:45: OGRE EXCEPTION(2:InvalidParametersException): Named constants have not been initialised, perhaps a compile error. in GpuProgramParameters::_findNamedConstantDefinition at /build/ogre-1.9-mqY1wq/ogre-1.9-1.9.0+dfsg1/OgreMain/src/OgreGpuProgramParams.cpp (line 1709)
22:11:45: Compiler error: invalid parameters in DualQuaternionSkinning_Shadow.material(163): setting of constant failed
22:11:45: OGRE EXCEPTION(2:InvalidParametersException): Named constants have not been initialised, perhaps a compile error. in GpuProgramParameters::_findNamedConstantDefinition at /build/ogre-1.9-mqY1wq/ogre-1.9-1.9.0+dfsg1/OgreMain/src/OgreGpuProgramParams.cpp (line 1709)
22:11:45: Compiler error: invalid parameters in DualQuaternionSkinning_Shadow.material(164): setting of constant failed
22:11:45: OGRE EXCEPTION(2:InvalidParametersException): Named constants have not been initialised, perhaps a compile error. in GpuProgramParameters::_findNamedConstantDefinition at /build/ogre-1.9-mqY1wq/ogre-1.9-1.9.0+dfsg1/OgreMain/src/OgreGpuProgramParams.cpp (line 1709)
22:11:45: Compiler error: invalid parameters in DualQuaternionSkinning_Shadow.material(165): setting of constant failed
22:11:45: OGRE EXCEPTION(6:FileNotFoundException): Cannot locate resource DualQuaternionSkinning_ShadowCasterTwoPhaseTwoWeights.glsl in resource group Popular or any other group. in ResourceGroupManager::openResource at /build/ogre-1.9-mqY1wq/ogre-1.9-1.9.0+dfsg1/OgreMain/src/OgreResourceGroupManager.cpp (line 756)
22:11:45: High-level program Ogre/RTShader/shadow_caster_dq_skinning_2weight_twophase_vs_glsl encountered an error during loading and is thus not supported.
OGRE EXCEPTION(6:FileNotFoundException): Cannot locate resource DualQuaternionSkinning_ShadowCasterTwoPhaseTwoWeights.glsl in resource group Popular or any other group. in ResourceGroupManager::openResource at /build/ogre-1.9-mqY1wq/ogre-1.9-1.9.0+dfsg1/OgreMain/src/OgreResourceGroupManager.cpp (line 756)
22:11:45: OGRE EXCEPTION(2:InvalidParametersException): Named constants have not been initialised, perhaps a compile error. in GpuProgramParameters::_findNamedConstantDefinition at /build/ogre-1.9-mqY1wq/ogre-1.9-1.9.0+dfsg1/OgreMain/src/OgreGpuProgramParams.cpp (line 1709)
22:11:45: Compiler error: invalid parameters in DualQuaternionSkinning_Shadow.material(374): setting of constant failed
22:11:45: OGRE EXCEPTION(2:InvalidParametersException): Named constants have not been initialised, perhaps a compile error. in GpuProgramParameters::_findNamedConstantDefinition at /build/ogre-1.9-mqY1wq/ogre-1.9-1.9.0+dfsg1/OgreMain/src/OgreGpuProgramParams.cpp (line 1709)
22:11:45: Compiler error: invalid parameters in DualQuaternionSkinning_Shadow.material(375): setting of constant failed
22:11:45: OGRE EXCEPTION(2:InvalidParametersException): Named constants have not been initialised, perhaps a compile error. in GpuProgramParameters::_findNamedConstantDefinition at /build/ogre-1.9-mqY1wq/ogre-1.9-1.9.0+dfsg1/OgreMain/src/OgreGpuProgramParams.cpp (line 1709)
22:11:45: Compiler error: invalid parameters in DualQuaternionSkinning_Shadow.material(376): setting of constant failed
22:11:45: OGRE EXCEPTION(2:InvalidParametersException): Named constants have not been initialised, perhaps a compile error. in GpuProgramParameters::_findNamedConstantDefinition at /build/ogre-1.9-mqY1wq/ogre-1.9-1.9.0+dfsg1/OgreMain/src/OgreGpuProgramParams.cpp (line 1709)
22:11:45: Compiler error: invalid parameters in DualQuaternionSkinning_Shadow.material(377): setting of constant failed
22:11:45: OGRE EXCEPTION(6:FileNotFoundException): Cannot locate resource DualQuaternionSkinning_ShadowPassThrough_ps.glsl in resource group Popular or any other group. in ResourceGroupManager::openResource at /build/ogre-1.9-mqY1wq/ogre-1.9-1.9.0+dfsg1/OgreMain/src/OgreResourceGroupManager.cpp (line 756)
22:11:45: High-level program Ogre/RTShader/shadow_caster_dq_ps_glsl encountered an error during loading and is thus not supported.
OGRE EXCEPTION(6:FileNotFoundException): Cannot locate resource DualQuaternionSkinning_ShadowPassThrough_ps.glsl in resource group Popular or any other group. in ResourceGroupManager::openResource at /build/ogre-1.9-mqY1wq/ogre-1.9-1.9.0+dfsg1/OgreMain/src/OgreResourceGroupManager.cpp (line 756)
22:11:45: Parsing script RTShaderSystem.material
22:11:45: Compiler error: unknown error in RTShaderSystem.material(23): token "rtshader_system" is not recognized
22:11:45: Compiler error: unknown error in RTShaderSystem.material(52): token "rtshader_system" is not recognized
22:11:45: Compiler error: unknown error in RTShaderSystem.material(81): token "rtshader_system" is not recognized
22:11:45: Compiler error: unknown error in RTShaderSystem.material(110): token "rtshader_system" is not recognized
22:11:45: Compiler error: unknown error in RTShaderSystem.material(146): token "rtshader_system" is not recognized
22:11:45: Compiler error: unknown error in RTShaderSystem.material(81): token "rtshader_system" is not recognized
22:11:45: Compiler error: unknown error in RTShaderSystem.material(162): token "rtshader_system" is not recognized
22:11:45: Compiler error: unknown error in RTShaderSystem.material(81): token "rtshader_system" is not recognized
22:11:45: Compiler error: unknown error in RTShaderSystem.material(110): token "rtshader_system" is not recognized
22:11:45: Compiler error: unknown error in RTShaderSystem.material(211): token "rtshader_system" is not recognized
22:11:45: Parsing script TriplanarTexturing.material
22:11:45: Compiler error: unknown error in TriplanarTexturing.material(9): token "rtshader_system" is not recognized
22:11:45: Parsing script HardwareSkinningShadow.material
22:11:45: OGRE EXCEPTION(6:FileNotFoundException): Cannot locate resource HardwareSkinningShadow_TwoWeights.glsl in resource group Popular or any other group. in ResourceGroupManager::openResource at /build/ogre-1.9-mqY1wq/ogre-1.9-1.9.0+dfsg1/OgreMain/src/OgreResourceGroupManager.cpp (line 756)
22:11:45: High-level program Ogre/RTShader/shadow_caster_skinning_2weight_vs_glsl encountered an error during loading and is thus not supported.
OGRE EXCEPTION(6:FileNotFoundException): Cannot locate resource HardwareSkinningShadow_TwoWeights.glsl in resource group Popular or any other group. in ResourceGroupManager::openResource at /build/ogre-1.9-mqY1wq/ogre-1.9-1.9.0+dfsg1/OgreMain/src/OgreResourceGroupManager.cpp (line 756)
22:11:45: OGRE EXCEPTION(2:InvalidParametersException): Named constants have not been initialised, perhaps a compile error. in GpuProgramParameters::_findNamedConstantDefinition at /build/ogre-1.9-mqY1wq/ogre-1.9-1.9.0+dfsg1/OgreMain/src/OgreGpuProgramParams.cpp (line 1709)
22:11:45: Compiler error: invalid parameters in HardwareSkinningShadow.material(169): setting of constant failed
22:11:45: OGRE EXCEPTION(2:InvalidParametersException): Named constants have not been initialised, perhaps a compile error. in GpuProgramParameters::_findNamedConstantDefinition at /build/ogre-1.9-mqY1wq/ogre-1.9-1.9.0+dfsg1/OgreMain/src/OgreGpuProgramParams.cpp (line 1709)
22:11:45: Compiler error: invalid parameters in HardwareSkinningShadow.material(170): setting of constant failed
22:11:45: OGRE EXCEPTION(2:InvalidParametersException): Named constants have not been initialised, perhaps a compile error. in GpuProgramParameters::_findNamedConstantDefinition at /build/ogre-1.9-mqY1wq/ogre-1.9-1.9.0+dfsg1/OgreMain/src/OgreGpuProgramParams.cpp (line 1709)
22:11:45: Compiler error: invalid parameters in HardwareSkinningShadow.material(171): setting of constant failed
22:11:45: OGRE EXCEPTION(6:FileNotFoundException): Cannot locate resource HardwareSkinningShadow_Fragment.glsl in resource group Popular or any other group. in ResourceGroupManager::openResource at /build/ogre-1.9-mqY1wq/ogre-1.9-1.9.0+dfsg1/OgreMain/src/OgreResourceGroupManager.cpp (line 756)
22:11:45: High-level program Ogre/RTShader/shadow_caster_ps_glsl encountered an error during loading and is thus not supported.
OGRE EXCEPTION(6:FileNotFoundException): Cannot locate resource HardwareSkinningShadow_Fragment.glsl in resource group Popular or any other group. in ResourceGroupManager::openResource at /build/ogre-1.9-mqY1wq/ogre-1.9-1.9.0+dfsg1/OgreMain/src/OgreResourceGroupManager.cpp (line 756)
22:11:45: Parsing script CreaseShading.material
22:11:45: Parsing script ShowDepth.material
22:11:45: Parsing script Volumetric.material
22:11:45: Parsing script Modulate.material
22:11:45: Parsing script GBuffer.material
22:11:45: Parsing script ShowNormals.material
22:11:45: Parsing script HemisphereMC.material
22:11:45: Parsing script HorizonBased.material
22:11:45: Parsing script ShowViewPos.material
22:11:45: Parsing script SSAOPost.material
22:11:45: Parsing script Crytek.material
22:11:45: Parsing script UnsharpMask.material
22:11:45: Parsing script triplanarReference.material
22:11:45: Parsing script RomanBath.material
22:11:45: Parsing script Sinbad.material
22:11:45: Parsing script smoke.particle
22:11:45: Parsing script Examples-Water.particle
22:11:45: Parsing script Examples.particle
22:11:45: Parsing script emitted_emitter.particle
22:11:45: Parsing script Examples.compositor
22:11:45: Parsing script ssao.compositor
22:11:45: Parsing script deferred.compositor
22:11:45: Parsing script SSAO.compositor
22:11:45: Parsing script SSAOPost.compositor
22:11:45: Finished parsing scripts for resource group Popular
22:11:45: Creating resources for group Popular
22:11:45: All done
22:11:45: Parsing scripts for resource group Tests
22:11:45: Finished parsing scripts for resource group Tests
22:11:45: Creating resources for group Tests
22:11:45: All done
22:11:45: Mesh: Loading ogrehead.mesh.
22:11:45: Texture: GreenSkin.jpg: Loading 1 faces(PF_R8G8B8,256x256x1) with 5 hardware generated mipmaps from Image. Internal format is PF_X8R8G8B8,256x256x1.
22:11:45: Texture: spheremap.png: Loading 1 faces(PF_R8G8B8,256x256x1) with 5 hardware generated mipmaps from Image. Internal format is PF_X8R8G8B8,256x256x1.
22:11:45: Texture: tusk.jpg: Loading 1 faces(PF_R8G8B8,128x128x1) with 5 hardware generated mipmaps from Image. Internal format is PF_X8R8G8B8,128x128x1.
22:11:45: *** Initializing OIS ***
